[sgstudio.site/index.html]
[backblue.gif]
[fade.gif]
[index.html]
[sgstudio.site/src/Styles/style.css]
[sgstudio.site/src/Module/bootstrap-5.3.1-dist/css/bootstrap.css]
[sgstudio.site/src/Styles/uiball.css]
[sgstudio.site/src/Assets/favicon.png]
[sgstudio.site/src/Module/icofont/duotone/icofont.css]
[kit.fontawesome.com/e330da5781.js]
[sgstudio.site/src/Script/main.js]
[sgstudio.site/index.html]
[sgstudio.site/src/Module/bootstrap-5.3.1-dist/js/bootstrap.bundle.js]
[sgstudio.site/src/Assets/profile.gif]
[sgstudio.site/src/Assets/About-Background.gif]
[sgstudio.site/src/Assets/scroll-animation.gif]
[sgstudio.site/src/Assets/up-arrow.png]
[sgstudio.site/src/Styles/style.css]
[sgstudio.site/src/Module/bootstrap-5.3.1-dist/css/bootstrap.css]
[sgstudio.site/src/Styles/uiball.css]
[sgstudio.site/src/Module/icofont/duotone/fonts/icofont.woff2]
[sgstudio.site/src/Module/icofont/duotone/fonts/icofont.woff]
[sgstudio.site/src/Module/icofont/duotone/icofont.css]
